<?xml version="1.0" encoding="UTF-8"?>
<testsuites name="Mocha Tests" time="50.6250" tests="2" failures="0">
  <testsuite name="Root Suite" timestamp="2022-04-11T18:04:41" tests="0" file="cypress/integration/data_sources/create_runtime_field.spec.ts" time="0.0000" failures="0">
  </testsuite>
  <testsuite name="Create DataView runtime field" timestamp="2022-04-11T18:04:41" tests="2" time="50.5790" failures="0">
    <testcase name="Create DataView runtime field adds field to alert table" time="32.9290" classname="adds field to alert table">
    </testcase>
    <testcase name="Create DataView runtime field adds field to timeline" time="17.5570" classname="adds field to timeline">
    </testcase>
  </testsuite>
</testsuites>